0 info it worked if it ends with ok
1 verbose cli [ 'C:\\Program Files\\nodejs\\node.exe',
1 verbose cli   'C:\\Users\\Hervinho\\AppData\\Roaming\\npm\\node_modules\\npm\\bin\\npm-cli.js',
1 verbose cli   'start' ]
2 info using npm@4.1.1
3 info using node@v6.9.4
4 verbose run-script [ 'prestart', 'start', 'poststart' ]
5 info lifecycle activity_counter@0.1.1~prestart: activity_counter@0.1.1
6 silly lifecycle activity_counter@0.1.1~prestart: no script for prestart, continuing
7 info lifecycle activity_counter@0.1.1~start: activity_counter@0.1.1
8 verbose lifecycle activity_counter@0.1.1~start: unsafe-perm in lifecycle true
9 verbose lifecycle activity_counter@0.1.1~start: PATH: C:\Users\Hervinho\AppData\Roaming\npm\node_modules\npm\bin\node-gyp-bin;C:\Users\Hervinho\Documents\ReactJS\ActivityCounter\node_modules\.bin;C:\Users\Hervinho\AppData\Roaming\npm;C:\Program Files\nodejs\;C:\ProgramData\Oracle\Java\javapath;C:\Program Files (x86)\Lenovo\FusionEngine;C:\Program Files (x86)\Intel\iCLS Client\;C:\Program Files\Intel\iCLS Client\;C:\WINDOWS\system32;C:\WINDOWS;C:\WINDOWS\System32\Wbem;C:\WINDOWS\System32\WindowsPowerShell\v1.0\;C:\Program Files\Intel\Intel(R) Management Engine Components\DAL;C:\Program Files\Intel\Intel(R) Management Engine Components\IPT;C:\Program Files (x86)\Intel\Intel(R) Management Engine Components\DAL;C:\Program Files (x86)\Intel\Intel(R) Management Engine Components\IPT;C:\Program Files (x86)\Common Files\lenovo\easyplussdk\bin;C:\Program Files\Microsoft SQL Server\110\Tools\Binn\;C:\Program Files\nodejs\;C:\Program Files\Git\cmd;C:\sqlite;C:\Users\Hervinho\AppData\Local\atom\bin;C:\Users\Hervinho\AppData\Roaming\npm;C:\Program Files\Heroku\bin;C:\Program Files (x86)\Microsoft VS Code\bin;C:\Users\Hervinho\AppData\Local\Microsoft\WindowsApps;
10 verbose lifecycle activity_counter@0.1.1~start: CWD: C:\Users\Hervinho\Documents\ReactJS\ActivityCounter
11 silly lifecycle activity_counter@0.1.1~start: Args: [ '/d /s /c', './node_modules/bin/webpack-dev-server' ]
12 silly lifecycle activity_counter@0.1.1~start: Returned: code: 1  signal: null
13 info lifecycle activity_counter@0.1.1~start: Failed to exec start script
14 verbose stack Error: activity_counter@0.1.1 start: `./node_modules/bin/webpack-dev-server`
14 verbose stack Exit status 1
14 verbose stack     at EventEmitter.<anonymous> (C:\Users\Hervinho\AppData\Roaming\npm\node_modules\npm\lib\utils\lifecycle.js:279:16)
14 verbose stack     at emitTwo (events.js:106:13)
14 verbose stack     at EventEmitter.emit (events.js:191:7)
14 verbose stack     at ChildProcess.<anonymous> (C:\Users\Hervinho\AppData\Roaming\npm\node_modules\npm\lib\utils\spawn.js:40:14)
14 verbose stack     at emitTwo (events.js:106:13)
14 verbose stack     at ChildProcess.emit (events.js:191:7)
14 verbose stack     at maybeClose (internal/child_process.js:877:16)
14 verbose stack     at Process.ChildProcess._handle.onexit (internal/child_process.js:226:5)
15 verbose pkgid activity_counter@0.1.1
16 verbose cwd C:\Users\Hervinho\Documents\ReactJS\ActivityCounter
17 error Windows_NT 10.0.15063
18 error argv "C:\\Program Files\\nodejs\\node.exe" "C:\\Users\\Hervinho\\AppData\\Roaming\\npm\\node_modules\\npm\\bin\\npm-cli.js" "start"
19 error node v6.9.4
20 error npm  v4.1.1
21 error code ELIFECYCLE
22 error activity_counter@0.1.1 start: `./node_modules/bin/webpack-dev-server`
22 error Exit status 1
23 error Failed at the activity_counter@0.1.1 start script './node_modules/bin/webpack-dev-server'.
23 error Make sure you have the latest version of node.js and npm installed.
23 error If you do, this is most likely a problem with the activity_counter package,
23 error not with npm itself.
23 error Tell the author that this fails on your system:
23 error     ./node_modules/bin/webpack-dev-server
23 error You can get information on how to open an issue for this project with:
23 error     npm bugs activity_counter
23 error Or if that isn't available, you can get their info via:
23 error     npm owner ls activity_counter
23 error There is likely additional logging output above.
24 verbose exit [ 1, true ]
